<?xml version="1.0" encoding="UTF-8"?>
<testng-results ignored="0" total="1" passed="1" failed="0" skipped="0">
  <reporter-output>
  </reporter-output>
  <suite started-at="2023-04-25T11:40:56 IST" name="Default suite" finished-at="2023-04-25T11:41:23 IST" duration-ms="27013">
    <groups>
      <group name="cucumber">
        <method signature="TestRunner.scenario(io.cucumber.testng.PickleWrapper,io.cucumber.testng.FeatureWrapper)[pri:0, instance:Runner.TestRunner@18f8cd79]" name="scenario" class="Runner.TestRunner"/>
      </group> <!-- cucumber -->
    </groups>
    <test started-at="2023-04-25T11:40:56 IST" name="Default test" finished-at="2023-04-25T11:41:23 IST" duration-ms="27013">
      <class name="Runner.TestRunner">
        <test-method is-config="true" signature="setUpClass()[pri:0, instance:Runner.TestRunner@18f8cd79]" started-at="2023-04-25T11:40:56 IST" name="setUpClass" finished-at="2023-04-25T11:40:57 IST" duration-ms="1103" status="PASS">
          <reporter-output>
          </reporter-output>
        </test-method> <!-- setUpClass -->
        <test-method signature="scenario(io.cucumber.testng.PickleWrapper,io.cucumber.testng.FeatureWrapper)[pri:0, instance:Runner.TestRunner@18f8cd79]" started-at="2023-04-25T11:40:57 IST" name="scenario" description="Runs Cucumber Scenarios" data-provider="scenarios" finished-at="2023-04-25T11:41:23 IST" duration-ms="25448" status="PASS">
          <params>
            <param index="0">
              <value>
                <![CDATA["Product verify"]]>
              </value>
            </param>
            <param index="1">
              <value>
                <![CDATA["Verify the product quantity and amount matches"]]>
              </value>
            </param>
          </params>
          <reporter-output>
          </reporter-output>
        </test-method> <!-- scenario -->
        <test-method is-config="true" signature="tearDownClass()[pri:0, instance:Runner.TestRunner@18f8cd79]" started-at="2023-04-25T11:41:23 IST" name="tearDownClass" finished-at="2023-04-25T11:41:23 IST" duration-ms="413" status="PASS">
          <reporter-output>
          </reporter-output>
        </test-method> <!-- tearDownClass -->
      </class> <!-- Runner.TestRunner -->
    </test> <!-- Default test -->
  </suite> <!-- Default suite -->
</testng-results>
