<?xml version="1.0" encoding="UTF-8"?>
<!-- Generated by org.testng.reporters.JUnitReportReporter -->
<testsuite hostname="DESKTOP-PV8OE5S" failures="0" tests="1" name="Runner.TestRunner2" time="30.432" errors="1" timestamp="2023-05-02T16:34:40 IST" skipped="0">
  <testcase classname="Runner.TestRunner2" name="scenario" time="30.432">
    <error message="Cannot invoke &quot;pageObjects.BasePage.closeWebBrowser()&quot; because &quot;this.bp&quot; is null" type="java.lang.NullPointerException">
      <![CDATA[java.lang.NullPointerException: Cannot invoke "pageObjects.BasePage.closeWebBrowser()" because "this.bp" is null
at stepdefs.BseIndiaSteps2.store_the_value_of_every_fifth_data_in_to_Excel(BseIndiaSteps2.java:53)
at ✽.Store the value of every fifth data in to Excel(file:///C:/Users/archa/Downloads/1mgApplication/1mgApplication/src/test/resources/parallel/BseIndia2.feature:9)
]]>
    </error>
  </testcase> <!-- scenario -->
  <system-out/>
</testsuite> <!-- Runner.TestRunner2 -->
